#-----------------------------------------------------------
# Vivado v2024.1 (64-bit)
# SW Build 5076996 on Wed May 22 18:37:14 MDT 2024
# IP Build 5075265 on Wed May 22 21:45:21 MDT 2024
# SharedData Build 5076995 on Wed May 22 18:29:18 MDT 2024
# Start of session at: Mon Nov 18 21:53:03 2024
# Process ID: 70420
# Current directory: C:/Xilinx/Vivado/EE415/project_1
# Command line: vivado.exe -gui_launcher_event rodinguilauncherevent21876 C:\Xilinx\Vivado\EE415\project_1\project_1.xpr
# Log file: C:/Xilinx/Vivado/EE415/project_1/vivado.log
# Journal file: C:/Xilinx/Vivado/EE415/project_1\vivado.jou
# Running On        :Marlofst
# Platform          :Windows Server 2016 or Windows 10
# Operating System  :22631
# Processor Detail  :AMD Ryzen 9 5900HS with Radeon Graphics        
# CPU Frequency     :3294 MHz
# CPU Physical cores:8
# CPU Logical cores :16
# Host memory       :16542 MB
# Swap memory       :27350 MB
# Total Virtual     :43893 MB
# Available Virtual :8890 MB
#-----------------------------------------------------------
start_gui
open_project C:/Xilinx/Vivado/EE415/project_1/project_1.xpr
WARNING: [Board 49-26] cannot add Board Part xilinx.com:vek280_es:part0:1.0 available at C:/Xilinx/Vivado/2024.1/data/xhub/boards/XilinxBoardStore/boards/Xilinx/vek280/es/rev_a/1.0/board.xml as part xcve2802-vsvh1760-2lp-e-s-es1 specified in board_part file is either invalid or not available
WARNING: [Board 49-26] cannot add Board Part xilinx.com:vek280_es:part0:1.1 available at C:/Xilinx/Vivado/2024.1/data/xhub/boards/XilinxBoardStore/boards/Xilinx/vek280/es/rev_a/1.1/board.xml as part xcve2802-vsvh1760-2lp-e-s-es1 specified in board_part file is either invalid or not available
WARNING: [Board 49-26] cannot add Board Part xilinx.com:vek280_es_revb:part0:1.0 available at C:/Xilinx/Vivado/2024.1/data/xhub/boards/XilinxBoardStore/boards/Xilinx/vek280/es/rev_b/1.0/board.xml as part xcve2802-vsvh1760-2mp-e-s-es1 specified in board_part file is either invalid or not available
WARNING: [Board 49-26] cannot add Board Part xilinx.com:vek280_es_revb:part0:1.1 available at C:/Xilinx/Vivado/2024.1/data/xhub/boards/XilinxBoardStore/boards/Xilinx/vek280/es/rev_b/1.1/board.xml as part xcve2802-vsvh1760-2mp-e-s-es1 specified in board_part file is either invalid or not available
WARNING: [Board 49-26] cannot add Board Part xilinx.com:vhk158_es:part0:1.0 available at C:/Xilinx/Vivado/2024.1/data/xhub/boards/XilinxBoardStore/boards/Xilinx/vhk158/es/1.0/board.xml as part xcvh1582-vsva3697-2mp-e-s-es1 specified in board_part file is either invalid or not available
WARNING: [Board 49-26] cannot add Board Part xilinx.com:vhk158_es:part0:1.1 available at C:/Xilinx/Vivado/2024.1/data/xhub/boards/XilinxBoardStore/boards/Xilinx/vhk158/es/1.1/board.xml as part xcvh1582-vsva3697-2mp-e-s-es1 specified in board_part file is either invalid or not available
WARNING: [Board 49-26] cannot add Board Part xilinx.com:zcu208ld:part0:2.0 available at C:/Xilinx/Vivado/2024.1/data/xhub/boards/XilinxBoardStore/boards/Xilinx/zcu208ld/production/2.0/board.xml as part xczu58dr-fsvg1517-2-i specified in board_part file is either invalid or not available
WARNING: [Board 49-26] cannot add Board Part xilinx.com:zcu216ld:part0:2.0 available at C:/Xilinx/Vivado/2024.1/data/xhub/boards/XilinxBoardStore/boards/Xilinx/zcu216ld/production/2.0/board.xml as part xczu59dr-ffvf1760-2-i specified in board_part file is either invalid or not available
WARNING: [Board 49-26] cannot add Board Part xilinx.com:zcu670ld:part0:1.0 available at C:/Xilinx/Vivado/2024.1/data/xhub/boards/XilinxBoardStore/boards/Xilinx/zcu670ld/1.0/board.xml as part xczu57dr-fsve1156-2-i specified in board_part file is either invalid or not available
Scanning sources...
Finished scanning sources
INFO: [IP_Flow 19-234] Refreshing IP repositories
INFO: [IP_Flow 19-1704] No user IP repositories specified
INFO: [IP_Flow 19-2313] Loaded Vivado IP repository 'C:/Xilinx/Vivado/2024.1/data/ip'.
open_project: Time (s): cpu = 00:00:08 ; elapsed = 00:00:12 . Memory (MB): peak = 1673.781 ; gain = 452.551
update_compile_order -fileset sources_1
import_files -norecurse {C:/Xilinx/Vivado/EE415/projectTest23Combined/projectTest23Combined.srcs/sources_1/imports/new/pwmOut.v C:/Xilinx/Vivado/EE415/projectTest23Combined/projectTest23Combined.srcs/sources_1/new/combinedAudio.v}
update_compile_order -fileset sources_1
WARNING: [filemgmt 56-199] Attempt to get parsing info during refresh. "On-the-fly" syntax checking information may be incorrect. [C:\Xilinx\Vivado\EE415\project_1\project_1.srcs\sources_1\imports\sources_1\imports\new\pwmOut.v:]
WARNING: [filemgmt 56-199] Attempt to get parsing info during refresh. "On-the-fly" syntax checking information may be incorrect. [C:\Xilinx\Vivado\EE415\project_1\project_1.srcs\sources_1\imports\sources_1\new\combinedAudio.v:]
WARNING: [filemgmt 56-199] Attempt to get parsing info during refresh. "On-the-fly" syntax checking information may be incorrect. [C:\Xilinx\Vivado\EE415\project_1\project_1.srcs\sources_1\new\pdmIN.v:]
WARNING: [filemgmt 56-199] Attempt to get parsing info during refresh. "On-the-fly" syntax checking information may be incorrect. [C:\Xilinx\Vivado\EE415\project_1\project_1.srcs\sources_1\new\pdmIN.v:]
WARNING: [filemgmt 56-199] Attempt to get parsing info during refresh. "On-the-fly" syntax checking information may be incorrect. [C:\Xilinx\Vivado\EE415\project_1\project_1.srcs\sources_1\new\pdmIN.v:]
WARNING: [filemgmt 56-199] Attempt to get parsing info during refresh. "On-the-fly" syntax checking information may be incorrect. [C:\Xilinx\Vivado\EE415\project_1\project_1.srcs\sources_1\imports\sources_1\imports\new\pwmOut.v:]
WARNING: [filemgmt 56-199] Attempt to get parsing info during refresh. "On-the-fly" syntax checking information may be incorrect. [C:\Xilinx\Vivado\EE415\project_1\project_1.srcs\sources_1\imports\sources_1\new\combinedAudio.v:]
WARNING: [filemgmt 56-199] Attempt to get parsing info during refresh. "On-the-fly" syntax checking information may be incorrect. [C:\Xilinx\Vivado\EE415\project_1\project_1.srcs\sources_1\new\pdmIN.v:]
WARNING: [filemgmt 56-199] Attempt to get parsing info during refresh. "On-the-fly" syntax checking information may be incorrect. [C:\Xilinx\Vivado\EE415\project_1\project_1.srcs\sources_1\new\pdmIN.v:]
WARNING: [filemgmt 56-199] Attempt to get parsing info during refresh. "On-the-fly" syntax checking information may be incorrect. [C:\Xilinx\Vivado\EE415\project_1\project_1.srcs\sources_1\new\pdmIN.v:]
WARNING: [filemgmt 56-199] Attempt to get parsing info during refresh. "On-the-fly" syntax checking information may be incorrect. [C:\Xilinx\Vivado\EE415\project_1\project_1.srcs\sources_1\imports\sources_1\imports\new\pwmOut.v:]
WARNING: [filemgmt 56-199] Attempt to get parsing info during refresh. "On-the-fly" syntax checking information may be incorrect. [C:\Xilinx\Vivado\EE415\project_1\project_1.srcs\sources_1\imports\sources_1\new\combinedAudio.v:]
WARNING: [filemgmt 56-199] Attempt to get parsing info during refresh. "On-the-fly" syntax checking information may be incorrect. [C:\Xilinx\Vivado\EE415\project_1\project_1.srcs\sources_1\new\pdmIN.v:]
WARNING: [filemgmt 56-199] Attempt to get parsing info during refresh. "On-the-fly" syntax checking information may be incorrect. [C:\Xilinx\Vivado\EE415\project_1\project_1.srcs\sources_1\imports\sources_1\new\combinedAudio.v:]
WARNING: [filemgmt 56-199] Attempt to get parsing info during refresh. "On-the-fly" syntax checking information may be incorrect. [C:\Xilinx\Vivado\EE415\project_1\project_1.srcs\sources_1\imports\sources_1\new\combinedAudio.v:]
set_property top combinedAudio [current_fileset]
WARNING: [filemgmt 56-199] Attempt to get parsing info during refresh. "On-the-fly" syntax checking information may be incorrect. [C:\Xilinx\Vivado\EE415\project_1\project_1.srcs\sources_1\imports\sources_1\imports\new\pwmOut.v:]
WARNING: [filemgmt 56-199] Attempt to get parsing info during refresh. "On-the-fly" syntax checking information may be incorrect. [C:\Xilinx\Vivado\EE415\project_1\project_1.srcs\sources_1\imports\sources_1\new\combinedAudio.v:]
WARNING: [filemgmt 56-199] Attempt to get parsing info during refresh. "On-the-fly" syntax checking information may be incorrect. [C:\Xilinx\Vivado\EE415\project_1\project_1.srcs\sources_1\new\pdmIN.v:]
WARNING: [filemgmt 56-199] Attempt to get parsing info during refresh. "On-the-fly" syntax checking information may be incorrect. [C:\Xilinx\Vivado\EE415\project_1\project_1.srcs\sources_1\new\pdmIN.v:]
WARNING: [filemgmt 56-199] Attempt to get parsing info during refresh. "On-the-fly" syntax checking information may be incorrect. [C:\Xilinx\Vivado\EE415\project_1\project_1.srcs\sources_1\new\pdmIN.v:]
WARNING: [filemgmt 56-199] Attempt to get parsing info during refresh. "On-the-fly" syntax checking information may be incorrect. [C:\Xilinx\Vivado\EE415\project_1\project_1.srcs\sources_1\imports\sources_1\imports\new\pwmOut.v:]
WARNING: [filemgmt 56-199] Attempt to get parsing info during refresh. "On-the-fly" syntax checking information may be incorrect. [C:\Xilinx\Vivado\EE415\project_1\project_1.srcs\sources_1\imports\sources_1\new\combinedAudio.v:]
WARNING: [filemgmt 56-199] Attempt to get parsing info during refresh. "On-the-fly" syntax checking information may be incorrect. [C:\Xilinx\Vivado\EE415\project_1\project_1.srcs\sources_1\new\pdmIN.v:]
WARNING: [filemgmt 56-199] Attempt to get parsing info during refresh. "On-the-fly" syntax checking information may be incorrect. [C:\Xilinx\Vivado\EE415\project_1\project_1.srcs\sources_1\imports\sources_1\new\combinedAudio.v:]
WARNING: [filemgmt 56-199] Attempt to get parsing info during refresh. "On-the-fly" syntax checking information may be incorrect. [C:\Xilinx\Vivado\EE415\project_1\project_1.srcs\sources_1\imports\sources_1\new\combinedAudio.v:]
ERROR: [Common 17-180] Spawn failed: No error
update_compile_order -fileset sources_1
WARNING: [filemgmt 56-199] Attempt to get parsing info during refresh. "On-the-fly" syntax checking information may be incorrect. [C:\Xilinx\Vivado\EE415\project_1\project_1.srcs\sources_1\imports\sources_1\imports\new\pwmOut.v:]
WARNING: [filemgmt 56-199] Attempt to get parsing info during refresh. "On-the-fly" syntax checking information may be incorrect. [C:\Xilinx\Vivado\EE415\project_1\project_1.srcs\sources_1\imports\sources_1\new\combinedAudio.v:]
WARNING: [filemgmt 56-199] Attempt to get parsing info during refresh. "On-the-fly" syntax checking information may be incorrect. [C:\Xilinx\Vivado\EE415\project_1\project_1.srcs\sources_1\new\pdmIN.v:]
WARNING: [filemgmt 56-199] Attempt to get parsing info during refresh. "On-the-fly" syntax checking information may be incorrect. [C:\Xilinx\Vivado\EE415\project_1\project_1.srcs\sources_1\new\pdmIN.v:]
WARNING: [filemgmt 56-199] Attempt to get parsing info during refresh. "On-the-fly" syntax checking information may be incorrect. [C:\Xilinx\Vivado\EE415\project_1\project_1.srcs\sources_1\new\pdmIN.v:]
WARNING: [filemgmt 56-199] Attempt to get parsing info during refresh. "On-the-fly" syntax checking information may be incorrect. [C:\Xilinx\Vivado\EE415\project_1\project_1.srcs\sources_1\imports\sources_1\imports\new\pwmOut.v:]
WARNING: [filemgmt 56-199] Attempt to get parsing info during refresh. "On-the-fly" syntax checking information may be incorrect. [C:\Xilinx\Vivado\EE415\project_1\project_1.srcs\sources_1\imports\sources_1\new\combinedAudio.v:]
WARNING: [filemgmt 56-199] Attempt to get parsing info during refresh. "On-the-fly" syntax checking information may be incorrect. [C:\Xilinx\Vivado\EE415\project_1\project_1.srcs\sources_1\new\pdmIN.v:]
WARNING: [filemgmt 56-199] Attempt to get parsing info during refresh. "On-the-fly" syntax checking information may be incorrect. [C:\Xilinx\Vivado\EE415\project_1\project_1.srcs\sources_1\imports\sources_1\new\combinedAudio.v:]
WARNING: [filemgmt 56-199] Attempt to get parsing info during refresh. "On-the-fly" syntax checking information may be incorrect. [C:\Xilinx\Vivado\EE415\project_1\project_1.srcs\sources_1\imports\sources_1\new\combinedAudio.v:]
reset_run synth_1
INFO: [Project 1-1161] Replacing file C:/Xilinx/Vivado/EE415/project_1/project_1.srcs/utils_1/imports/synth_1/outTest.dcp with file C:/Xilinx/Vivado/EE415/project_1/project_1.runs/synth_1/inToOut.dcp
launch_runs impl_1 -to_step write_bitstream -jobs 8
[Mon Nov 18 22:30:28 2024] Launched synth_1...
Run output will be captured here: C:/Xilinx/Vivado/EE415/project_1/project_1.runs/synth_1/runme.log
[Mon Nov 18 22:30:28 2024] Launched impl_1...
Run output will be captured here: C:/Xilinx/Vivado/EE415/project_1/project_1.runs/impl_1/runme.log
WARNING: [filemgmt 56-199] Attempt to get parsing info during refresh. "On-the-fly" syntax checking information may be incorrect. [C:\Xilinx\Vivado\EE415\project_1\project_1.srcs\sources_1\imports\sources_1\imports\new\pwmOut.v:]
WARNING: [filemgmt 56-199] Attempt to get parsing info during refresh. "On-the-fly" syntax checking information may be incorrect. [C:\Xilinx\Vivado\EE415\project_1\project_1.srcs\sources_1\imports\sources_1\new\combinedAudio.v:]
WARNING: [filemgmt 56-199] Attempt to get parsing info during refresh. "On-the-fly" syntax checking information may be incorrect. [C:\Xilinx\Vivado\EE415\project_1\project_1.srcs\sources_1\new\pdmIN.v:]
WARNING: [filemgmt 56-199] Attempt to get parsing info during refresh. "On-the-fly" syntax checking information may be incorrect. [C:\Xilinx\Vivado\EE415\project_1\project_1.srcs\sources_1\new\pdmIN.v:]
WARNING: [filemgmt 56-199] Attempt to get parsing info during refresh. "On-the-fly" syntax checking information may be incorrect. [C:\Xilinx\Vivado\EE415\project_1\project_1.srcs\sources_1\new\pdmIN.v:]
WARNING: [filemgmt 56-199] Attempt to get parsing info during refresh. "On-the-fly" syntax checking information may be incorrect. [C:\Xilinx\Vivado\EE415\project_1\project_1.srcs\sources_1\imports\sources_1\imports\new\pwmOut.v:]
WARNING: [filemgmt 56-199] Attempt to get parsing info during refresh. "On-the-fly" syntax checking information may be incorrect. [C:\Xilinx\Vivado\EE415\project_1\project_1.srcs\sources_1\imports\sources_1\new\combinedAudio.v:]
WARNING: [filemgmt 56-199] Attempt to get parsing info during refresh. "On-the-fly" syntax checking information may be incorrect. [C:\Xilinx\Vivado\EE415\project_1\project_1.srcs\sources_1\new\pdmIN.v:]
WARNING: [filemgmt 56-199] Attempt to get parsing info during refresh. "On-the-fly" syntax checking information may be incorrect. [C:\Xilinx\Vivado\EE415\project_1\project_1.srcs\sources_1\imports\sources_1\new\combinedAudio.v:]
WARNING: [filemgmt 56-199] Attempt to get parsing info during refresh. "On-the-fly" syntax checking information may be incorrect. [C:\Xilinx\Vivado\EE415\project_1\project_1.srcs\sources_1\imports\sources_1\new\combinedAudio.v:]
WARNING: [filemgmt 56-199] Attempt to get parsing info during refresh. "On-the-fly" syntax checking information may be incorrect. [C:\Xilinx\Vivado\EE415\project_1\project_1.srcs\sources_1\imports\sources_1\imports\new\pwmOut.v:]
WARNING: [filemgmt 56-199] Attempt to get parsing info during refresh. "On-the-fly" syntax checking information may be incorrect. [C:\Xilinx\Vivado\EE415\project_1\project_1.srcs\sources_1\imports\sources_1\new\combinedAudio.v:]
WARNING: [filemgmt 56-199] Attempt to get parsing info during refresh. "On-the-fly" syntax checking information may be incorrect. [C:\Xilinx\Vivado\EE415\project_1\project_1.srcs\sources_1\new\pdmIN.v:]
WARNING: [filemgmt 56-199] Attempt to get parsing info during refresh. "On-the-fly" syntax checking information may be incorrect. [C:\Xilinx\Vivado\EE415\project_1\project_1.srcs\sources_1\new\pdmIN.v:]
WARNING: [filemgmt 56-199] Attempt to get parsing info during refresh. "On-the-fly" syntax checking information may be incorrect. [C:\Xilinx\Vivado\EE415\project_1\project_1.srcs\sources_1\new\pdmIN.v:]
WARNING: [filemgmt 56-199] Attempt to get parsing info during refresh. "On-the-fly" syntax checking information may be incorrect. [C:\Xilinx\Vivado\EE415\project_1\project_1.srcs\sources_1\imports\sources_1\imports\new\pwmOut.v:]
WARNING: [filemgmt 56-199] Attempt to get parsing info during refresh. "On-the-fly" syntax checking information may be incorrect. [C:\Xilinx\Vivado\EE415\project_1\project_1.srcs\sources_1\imports\sources_1\new\combinedAudio.v:]
WARNING: [filemgmt 56-199] Attempt to get parsing info during refresh. "On-the-fly" syntax checking information may be incorrect. [C:\Xilinx\Vivado\EE415\project_1\project_1.srcs\sources_1\new\pdmIN.v:]
WARNING: [filemgmt 56-199] Attempt to get parsing info during refresh. "On-the-fly" syntax checking information may be incorrect. [C:\Xilinx\Vivado\EE415\project_1\project_1.srcs\sources_1\imports\sources_1\new\combinedAudio.v:]
WARNING: [filemgmt 56-199] Attempt to get parsing info during refresh. "On-the-fly" syntax checking information may be incorrect. [C:\Xilinx\Vivado\EE415\project_1\project_1.srcs\sources_1\imports\sources_1\new\combinedAudio.v:]
WARNING: [filemgmt 56-199] Attempt to get parsing info during refresh. "On-the-fly" syntax checking information may be incorrect. [C:\Xilinx\Vivado\EE415\project_1\project_1.srcs\sources_1\imports\sources_1\imports\new\pwmOut.v:]
WARNING: [filemgmt 56-199] Attempt to get parsing info during refresh. "On-the-fly" syntax checking information may be incorrect. [C:\Xilinx\Vivado\EE415\project_1\project_1.srcs\sources_1\imports\sources_1\new\combinedAudio.v:]
WARNING: [filemgmt 56-199] Attempt to get parsing info during refresh. "On-the-fly" syntax checking information may be incorrect. [C:\Xilinx\Vivado\EE415\project_1\project_1.srcs\sources_1\new\pdmIN.v:]
WARNING: [filemgmt 56-199] Attempt to get parsing info during refresh. "On-the-fly" syntax checking information may be incorrect. [C:\Xilinx\Vivado\EE415\project_1\project_1.srcs\sources_1\new\pdmIN.v:]
WARNING: [filemgmt 56-199] Attempt to get parsing info during refresh. "On-the-fly" syntax checking information may be incorrect. [C:\Xilinx\Vivado\EE415\project_1\project_1.srcs\sources_1\new\pdmIN.v:]
WARNING: [filemgmt 56-199] Attempt to get parsing info during refresh. "On-the-fly" syntax checking information may be incorrect. [C:\Xilinx\Vivado\EE415\project_1\project_1.srcs\sources_1\imports\sources_1\imports\new\pwmOut.v:]
WARNING: [filemgmt 56-199] Attempt to get parsing info during refresh. "On-the-fly" syntax checking information may be incorrect. [C:\Xilinx\Vivado\EE415\project_1\project_1.srcs\sources_1\imports\sources_1\new\combinedAudio.v:]
WARNING: [filemgmt 56-199] Attempt to get parsing info during refresh. "On-the-fly" syntax checking information may be incorrect. [C:\Xilinx\Vivado\EE415\project_1\project_1.srcs\sources_1\new\pdmIN.v:]
WARNING: [filemgmt 56-199] Attempt to get parsing info during refresh. "On-the-fly" syntax checking information may be incorrect. [C:\Xilinx\Vivado\EE415\project_1\project_1.srcs\sources_1\imports\sources_1\imports\new\pwmOut.v:]
WARNING: [filemgmt 56-199] Attempt to get parsing info during refresh. "On-the-fly" syntax checking information may be incorrect. [C:\Xilinx\Vivado\EE415\project_1\project_1.srcs\sources_1\imports\sources_1\imports\new\pwmOut.v:]
WARNING: [filemgmt 56-199] Attempt to get parsing info during refresh. "On-the-fly" syntax checking information may be incorrect. [C:\Xilinx\Vivado\EE415\project_1\project_1.srcs\sources_1\imports\sources_1\imports\new\pwmOut.v:]
WARNING: [filemgmt 56-199] Attempt to get parsing info during refresh. "On-the-fly" syntax checking information may be incorrect. [C:\Xilinx\Vivado\EE415\project_1\project_1.srcs\sources_1\imports\sources_1\new\combinedAudio.v:]
WARNING: [filemgmt 56-199] Attempt to get parsing info during refresh. "On-the-fly" syntax checking information may be incorrect. [C:\Xilinx\Vivado\EE415\project_1\project_1.srcs\sources_1\new\pdmIN.v:]
WARNING: [filemgmt 56-199] Attempt to get parsing info during refresh. "On-the-fly" syntax checking information may be incorrect. [C:\Xilinx\Vivado\EE415\project_1\project_1.srcs\sources_1\new\pdmIN.v:]
WARNING: [filemgmt 56-199] Attempt to get parsing info during refresh. "On-the-fly" syntax checking information may be incorrect. [C:\Xilinx\Vivado\EE415\project_1\project_1.srcs\sources_1\new\pdmIN.v:]
WARNING: [filemgmt 56-199] Attempt to get parsing info during refresh. "On-the-fly" syntax checking information may be incorrect. [C:\Xilinx\Vivado\EE415\project_1\project_1.srcs\sources_1\imports\sources_1\imports\new\pwmOut.v:]
WARNING: [filemgmt 56-199] Attempt to get parsing info during refresh. "On-the-fly" syntax checking information may be incorrect. [C:\Xilinx\Vivado\EE415\project_1\project_1.srcs\sources_1\imports\sources_1\new\combinedAudio.v:]
WARNING: [filemgmt 56-199] Attempt to get parsing info during refresh. "On-the-fly" syntax checking information may be incorrect. [C:\Xilinx\Vivado\EE415\project_1\project_1.srcs\sources_1\new\pdmIN.v:]
WARNING: [filemgmt 56-199] Attempt to get parsing info during refresh. "On-the-fly" syntax checking information may be incorrect. [C:\Xilinx\Vivado\EE415\project_1\project_1.srcs\sources_1\imports\sources_1\new\combinedAudio.v:]
WARNING: [filemgmt 56-199] Attempt to get parsing info during refresh. "On-the-fly" syntax checking information may be incorrect. [C:\Xilinx\Vivado\EE415\project_1\project_1.srcs\sources_1\imports\sources_1\new\combinedAudio.v:]
WARNING: [filemgmt 56-199] Attempt to get parsing info during refresh. "On-the-fly" syntax checking information may be incorrect. [C:\Xilinx\Vivado\EE415\project_1\project_1.srcs\sources_1\imports\sources_1\imports\new\pwmOut.v:]
WARNING: [filemgmt 56-199] Attempt to get parsing info during refresh. "On-the-fly" syntax checking information may be incorrect. [C:\Xilinx\Vivado\EE415\project_1\project_1.srcs\sources_1\imports\sources_1\new\combinedAudio.v:]
WARNING: [filemgmt 56-199] Attempt to get parsing info during refresh. "On-the-fly" syntax checking information may be incorrect. [C:\Xilinx\Vivado\EE415\project_1\project_1.srcs\sources_1\new\pdmIN.v:]
WARNING: [filemgmt 56-199] Attempt to get parsing info during refresh. "On-the-fly" syntax checking information may be incorrect. [C:\Xilinx\Vivado\EE415\project_1\project_1.srcs\sources_1\new\pdmIN.v:]
WARNING: [filemgmt 56-199] Attempt to get parsing info during refresh. "On-the-fly" syntax checking information may be incorrect. [C:\Xilinx\Vivado\EE415\project_1\project_1.srcs\sources_1\new\pdmIN.v:]
WARNING: [filemgmt 56-199] Attempt to get parsing info during refresh. "On-the-fly" syntax checking information may be incorrect. [C:\Xilinx\Vivado\EE415\project_1\project_1.srcs\sources_1\imports\sources_1\imports\new\pwmOut.v:]
WARNING: [filemgmt 56-199] Attempt to get parsing info during refresh. "On-the-fly" syntax checking information may be incorrect. [C:\Xilinx\Vivado\EE415\project_1\project_1.srcs\sources_1\imports\sources_1\new\combinedAudio.v:]
WARNING: [filemgmt 56-199] Attempt to get parsing info during refresh. "On-the-fly" syntax checking information may be incorrect. [C:\Xilinx\Vivado\EE415\project_1\project_1.srcs\sources_1\new\pdmIN.v:]
WARNING: [filemgmt 56-199] Attempt to get parsing info during refresh. "On-the-fly" syntax checking information may be incorrect. [C:\Xilinx\Vivado\EE415\project_1\project_1.srcs\sources_1\imports\sources_1\new\combinedAudio.v:]
WARNING: [filemgmt 56-199] Attempt to get parsing info during refresh. "On-the-fly" syntax checking information may be incorrect. [C:\Xilinx\Vivado\EE415\project_1\project_1.srcs\sources_1\imports\sources_1\new\combinedAudio.v:]
WARNING: [filemgmt 56-199] Attempt to get parsing info during refresh. "On-the-fly" syntax checking information may be incorrect. [C:\Xilinx\Vivado\EE415\project_1\project_1.srcs\sources_1\imports\sources_1\imports\new\pwmOut.v:]
WARNING: [filemgmt 56-199] Attempt to get parsing info during refresh. "On-the-fly" syntax checking information may be incorrect. [C:\Xilinx\Vivado\EE415\project_1\project_1.srcs\sources_1\imports\sources_1\new\combinedAudio.v:]
WARNING: [filemgmt 56-199] Attempt to get parsing info during refresh. "On-the-fly" syntax checking information may be incorrect. [C:\Xilinx\Vivado\EE415\project_1\project_1.srcs\sources_1\new\pdmIN.v:]
WARNING: [filemgmt 56-199] Attempt to get parsing info during refresh. "On-the-fly" syntax checking information may be incorrect. [C:\Xilinx\Vivado\EE415\project_1\project_1.srcs\sources_1\new\pdmIN.v:]
WARNING: [filemgmt 56-199] Attempt to get parsing info during refresh. "On-the-fly" syntax checking information may be incorrect. [C:\Xilinx\Vivado\EE415\project_1\project_1.srcs\sources_1\new\pdmIN.v:]
WARNING: [filemgmt 56-199] Attempt to get parsing info during refresh. "On-the-fly" syntax checking information may be incorrect. [C:\Xilinx\Vivado\EE415\project_1\project_1.srcs\sources_1\imports\sources_1\imports\new\pwmOut.v:]
WARNING: [filemgmt 56-199] Attempt to get parsing info during refresh. "On-the-fly" syntax checking information may be incorrect. [C:\Xilinx\Vivado\EE415\project_1\project_1.srcs\sources_1\imports\sources_1\new\combinedAudio.v:]
WARNING: [filemgmt 56-199] Attempt to get parsing info during refresh. "On-the-fly" syntax checking information may be incorrect. [C:\Xilinx\Vivado\EE415\project_1\project_1.srcs\sources_1\new\pdmIN.v:]
WARNING: [filemgmt 56-199] Attempt to get parsing info during refresh. "On-the-fly" syntax checking information may be incorrect. [C:\Xilinx\Vivado\EE415\project_1\project_1.srcs\sources_1\imports\sources_1\imports\new\pwmOut.v:]
WARNING: [filemgmt 56-199] Attempt to get parsing info during refresh. "On-the-fly" syntax checking information may be incorrect. [C:\Xilinx\Vivado\EE415\project_1\project_1.srcs\sources_1\imports\sources_1\imports\new\pwmOut.v:]
WARNING: [filemgmt 56-199] Attempt to get parsing info during refresh. "On-the-fly" syntax checking information may be incorrect. [C:\Xilinx\Vivado\EE415\project_1\project_1.srcs\sources_1\imports\sources_1\imports\new\pwmOut.v:]
WARNING: [filemgmt 56-199] Attempt to get parsing info during refresh. "On-the-fly" syntax checking information may be incorrect. [C:\Xilinx\Vivado\EE415\project_1\project_1.srcs\sources_1\imports\sources_1\new\combinedAudio.v:]
WARNING: [filemgmt 56-199] Attempt to get parsing info during refresh. "On-the-fly" syntax checking information may be incorrect. [C:\Xilinx\Vivado\EE415\project_1\project_1.srcs\sources_1\new\pdmIN.v:]
WARNING: [filemgmt 56-199] Attempt to get parsing info during refresh. "On-the-fly" syntax checking information may be incorrect. [C:\Xilinx\Vivado\EE415\project_1\project_1.srcs\sources_1\new\pdmIN.v:]
WARNING: [filemgmt 56-199] Attempt to get parsing info during refresh. "On-the-fly" syntax checking information may be incorrect. [C:\Xilinx\Vivado\EE415\project_1\project_1.srcs\sources_1\new\pdmIN.v:]
WARNING: [filemgmt 56-199] Attempt to get parsing info during refresh. "On-the-fly" syntax checking information may be incorrect. [C:\Xilinx\Vivado\EE415\project_1\project_1.srcs\sources_1\imports\sources_1\imports\new\pwmOut.v:]
WARNING: [filemgmt 56-199] Attempt to get parsing info during refresh. "On-the-fly" syntax checking information may be incorrect. [C:\Xilinx\Vivado\EE415\project_1\project_1.srcs\sources_1\imports\sources_1\new\combinedAudio.v:]
WARNING: [filemgmt 56-199] Attempt to get parsing info during refresh. "On-the-fly" syntax checking information may be incorrect. [C:\Xilinx\Vivado\EE415\project_1\project_1.srcs\sources_1\new\pdmIN.v:]
WARNING: [filemgmt 56-199] Attempt to get parsing info during refresh. "On-the-fly" syntax checking information may be incorrect. [C:\Xilinx\Vivado\EE415\project_1\project_1.srcs\sources_1\imports\sources_1\new\combinedAudio.v:]
WARNING: [filemgmt 56-199] Attempt to get parsing info during refresh. "On-the-fly" syntax checking information may be incorrect. [C:\Xilinx\Vivado\EE415\project_1\project_1.srcs\sources_1\imports\sources_1\new\combinedAudio.v:]
WARNING: [filemgmt 56-199] Attempt to get parsing info during refresh. "On-the-fly" syntax checking information may be incorrect. [C:\Xilinx\Vivado\EE415\project_1\project_1.srcs\sources_1\imports\sources_1\imports\new\pwmOut.v:]
WARNING: [filemgmt 56-199] Attempt to get parsing info during refresh. "On-the-fly" syntax checking information may be incorrect. [C:\Xilinx\Vivado\EE415\project_1\project_1.srcs\sources_1\imports\sources_1\new\combinedAudio.v:]
WARNING: [filemgmt 56-199] Attempt to get parsing info during refresh. "On-the-fly" syntax checking information may be incorrect. [C:\Xilinx\Vivado\EE415\project_1\project_1.srcs\sources_1\new\pdmIN.v:]
WARNING: [filemgmt 56-199] Attempt to get parsing info during refresh. "On-the-fly" syntax checking information may be incorrect. [C:\Xilinx\Vivado\EE415\project_1\project_1.srcs\sources_1\new\pdmIN.v:]
WARNING: [filemgmt 56-199] Attempt to get parsing info during refresh. "On-the-fly" syntax checking information may be incorrect. [C:\Xilinx\Vivado\EE415\project_1\project_1.srcs\sources_1\new\pdmIN.v:]
WARNING: [filemgmt 56-199] Attempt to get parsing info during refresh. "On-the-fly" syntax checking information may be incorrect. [C:\Xilinx\Vivado\EE415\project_1\project_1.srcs\sources_1\imports\sources_1\imports\new\pwmOut.v:]
WARNING: [filemgmt 56-199] Attempt to get parsing info during refresh. "On-the-fly" syntax checking information may be incorrect. [C:\Xilinx\Vivado\EE415\project_1\project_1.srcs\sources_1\imports\sources_1\new\combinedAudio.v:]
WARNING: [filemgmt 56-199] Attempt to get parsing info during refresh. "On-the-fly" syntax checking information may be incorrect. [C:\Xilinx\Vivado\EE415\project_1\project_1.srcs\sources_1\new\pdmIN.v:]
WARNING: [filemgmt 56-199] Attempt to get parsing info during refresh. "On-the-fly" syntax checking information may be incorrect. [C:\Xilinx\Vivado\EE415\project_1\project_1.srcs\sources_1\imports\sources_1\new\combinedAudio.v:]
WARNING: [filemgmt 56-199] Attempt to get parsing info during refresh. "On-the-fly" syntax checking information may be incorrect. [C:\Xilinx\Vivado\EE415\project_1\project_1.srcs\sources_1\imports\sources_1\new\combinedAudio.v:]
WARNING: [filemgmt 56-199] Attempt to get parsing info during refresh. "On-the-fly" syntax checking information may be incorrect. [C:\Xilinx\Vivado\EE415\project_1\project_1.srcs\sources_1\imports\sources_1\imports\new\pwmOut.v:]
WARNING: [filemgmt 56-199] Attempt to get parsing info during refresh. "On-the-fly" syntax checking information may be incorrect. [C:\Xilinx\Vivado\EE415\project_1\project_1.srcs\sources_1\imports\sources_1\new\combinedAudio.v:]
WARNING: [filemgmt 56-199] Attempt to get parsing info during refresh. "On-the-fly" syntax checking information may be incorrect. [C:\Xilinx\Vivado\EE415\project_1\project_1.srcs\sources_1\new\pdmIN.v:]
WARNING: [filemgmt 56-199] Attempt to get parsing info during refresh. "On-the-fly" syntax checking information may be incorrect. [C:\Xilinx\Vivado\EE415\project_1\project_1.srcs\sources_1\new\pdmIN.v:]
WARNING: [filemgmt 56-199] Attempt to get parsing info during refresh. "On-the-fly" syntax checking information may be incorrect. [C:\Xilinx\Vivado\EE415\project_1\project_1.srcs\sources_1\new\pdmIN.v:]
WARNING: [filemgmt 56-199] Attempt to get parsing info during refresh. "On-the-fly" syntax checking information may be incorrect. [C:\Xilinx\Vivado\EE415\project_1\project_1.srcs\sources_1\imports\sources_1\imports\new\pwmOut.v:]
WARNING: [filemgmt 56-199] Attempt to get parsing info during refresh. "On-the-fly" syntax checking information may be incorrect. [C:\Xilinx\Vivado\EE415\project_1\project_1.srcs\sources_1\imports\sources_1\new\combinedAudio.v:]
WARNING: [filemgmt 56-199] Attempt to get parsing info during refresh. "On-the-fly" syntax checking information may be incorrect. [C:\Xilinx\Vivado\EE415\project_1\project_1.srcs\sources_1\new\pdmIN.v:]
WARNING: [filemgmt 56-199] Attempt to get parsing info during refresh. "On-the-fly" syntax checking information may be incorrect. [C:\Xilinx\Vivado\EE415\project_1\project_1.srcs\sources_1\imports\sources_1\new\combinedAudio.v:]
WARNING: [filemgmt 56-199] Attempt to get parsing info during refresh. "On-the-fly" syntax checking information may be incorrect. [C:\Xilinx\Vivado\EE415\project_1\project_1.srcs\sources_1\imports\sources_1\new\combinedAudio.v:]
WARNING: [filemgmt 56-199] Attempt to get parsing info during refresh. "On-the-fly" syntax checking information may be incorrect. [C:\Xilinx\Vivado\EE415\project_1\project_1.srcs\sources_1\imports\sources_1\imports\new\pwmOut.v:]
WARNING: [filemgmt 56-199] Attempt to get parsing info during refresh. "On-the-fly" syntax checking information may be incorrect. [C:\Xilinx\Vivado\EE415\project_1\project_1.srcs\sources_1\imports\sources_1\new\combinedAudio.v:]
WARNING: [filemgmt 56-199] Attempt to get parsing info during refresh. "On-the-fly" syntax checking information may be incorrect. [C:\Xilinx\Vivado\EE415\project_1\project_1.srcs\sources_1\new\pdmIN.v:]
WARNING: [filemgmt 56-199] Attempt to get parsing info during refresh. "On-the-fly" syntax checking information may be incorrect. [C:\Xilinx\Vivado\EE415\project_1\project_1.srcs\sources_1\new\pdmIN.v:]
WARNING: [filemgmt 56-199] Attempt to get parsing info during refresh. "On-the-fly" syntax checking information may be incorrect. [C:\Xilinx\Vivado\EE415\project_1\project_1.srcs\sources_1\new\pdmIN.v:]
WARNING: [filemgmt 56-199] Attempt to get parsing info during refresh. "On-the-fly" syntax checking information may be incorrect. [C:\Xilinx\Vivado\EE415\project_1\project_1.srcs\sources_1\imports\sources_1\imports\new\pwmOut.v:]
WARNING: [filemgmt 56-199] Attempt to get parsing info during refresh. "On-the-fly" syntax checking information may be incorrect. [C:\Xilinx\Vivado\EE415\project_1\project_1.srcs\sources_1\imports\sources_1\new\combinedAudio.v:]
WARNING: [filemgmt 56-199] Attempt to get parsing info during refresh. "On-the-fly" syntax checking information may be incorrect. [C:\Xilinx\Vivado\EE415\project_1\project_1.srcs\sources_1\new\pdmIN.v:]
WARNING: [filemgmt 56-199] Attempt to get parsing info during refresh. "On-the-fly" syntax checking information may be incorrect. [C:\Xilinx\Vivado\EE415\project_1\project_1.srcs\sources_1\imports\sources_1\new\combinedAudio.v:]
WARNING: [filemgmt 56-199] Attempt to get parsing info during refresh. "On-the-fly" syntax checking information may be incorrect. [C:\Xilinx\Vivado\EE415\project_1\project_1.srcs\sources_1\imports\sources_1\new\combinedAudio.v:]
reset_run synth_1
launch_runs impl_1 -to_step write_bitstream -jobs 8
[Mon Nov 18 22:34:21 2024] Launched synth_1...
Run output will be captured here: C:/Xilinx/Vivado/EE415/project_1/project_1.runs/synth_1/runme.log
[Mon Nov 18 22:34:21 2024] Launched impl_1...
Run output will be captured here: C:/Xilinx/Vivado/EE415/project_1/project_1.runs/impl_1/runme.log
WARNING: [filemgmt 56-199] Attempt to get parsing info during refresh. "On-the-fly" syntax checking information may be incorrect. [C:\Xilinx\Vivado\EE415\project_1\project_1.srcs\sources_1\imports\sources_1\imports\new\pwmOut.v:]
WARNING: [filemgmt 56-199] Attempt to get parsing info during refresh. "On-the-fly" syntax checking information may be incorrect. [C:\Xilinx\Vivado\EE415\project_1\project_1.srcs\sources_1\imports\sources_1\new\combinedAudio.v:]
WARNING: [filemgmt 56-199] Attempt to get parsing info during refresh. "On-the-fly" syntax checking information may be incorrect. [C:\Xilinx\Vivado\EE415\project_1\project_1.srcs\sources_1\new\pdmIN.v:]
WARNING: [filemgmt 56-199] Attempt to get parsing info during refresh. "On-the-fly" syntax checking information may be incorrect. [C:\Xilinx\Vivado\EE415\project_1\project_1.srcs\sources_1\new\pdmIN.v:]
WARNING: [filemgmt 56-199] Attempt to get parsing info during refresh. "On-the-fly" syntax checking information may be incorrect. [C:\Xilinx\Vivado\EE415\project_1\project_1.srcs\sources_1\new\pdmIN.v:]
WARNING: [filemgmt 56-199] Attempt to get parsing info during refresh. "On-the-fly" syntax checking information may be incorrect. [C:\Xilinx\Vivado\EE415\project_1\project_1.srcs\sources_1\imports\sources_1\imports\new\pwmOut.v:]
WARNING: [filemgmt 56-199] Attempt to get parsing info during refresh. "On-the-fly" syntax checking information may be incorrect. [C:\Xilinx\Vivado\EE415\project_1\project_1.srcs\sources_1\imports\sources_1\new\combinedAudio.v:]
WARNING: [filemgmt 56-199] Attempt to get parsing info during refresh. "On-the-fly" syntax checking information may be incorrect. [C:\Xilinx\Vivado\EE415\project_1\project_1.srcs\sources_1\new\pdmIN.v:]
WARNING: [filemgmt 56-199] Attempt to get parsing info during refresh. "On-the-fly" syntax checking information may be incorrect. [C:\Xilinx\Vivado\EE415\project_1\project_1.srcs\sources_1\imports\sources_1\imports\new\pwmOut.v:]
WARNING: [filemgmt 56-199] Attempt to get parsing info during refresh. "On-the-fly" syntax checking information may be incorrect. [C:\Xilinx\Vivado\EE415\project_1\project_1.srcs\sources_1\imports\sources_1\imports\new\pwmOut.v:]
exit
INFO: [Common 17-206] Exiting Vivado at Mon Nov 18 22:35:35 2024...
